[2023-03-07 21:13:56Z INFO HostContext] No proxy settings were found based on environmental variables (http_proxy/https_proxy/HTTP_PROXY/HTTPS_PROXY)
[2023-03-07 21:13:56Z INFO HostContext] Well known directory 'Bin': '/home/fazt/prueba-centos/actions-runner/bin'
[2023-03-07 21:13:56Z INFO HostContext] Well known directory 'Root': '/home/fazt/prueba-centos/actions-runner'
[2023-03-07 21:13:56Z INFO HostContext] Well known config file 'Credentials': '/home/fazt/prueba-centos/actions-runner/.credentials'
[2023-03-07 21:13:56Z INFO HostContext] Well known directory 'Bin': '/home/fazt/prueba-centos/actions-runner/bin'
[2023-03-07 21:13:56Z INFO HostContext] Well known directory 'Root': '/home/fazt/prueba-centos/actions-runner'
[2023-03-07 21:13:56Z INFO HostContext] Well known config file 'Runner': '/home/fazt/prueba-centos/actions-runner/.runner'
[2023-03-07 21:13:56Z INFO Listener] Runner is built for Linux (X64) - linux-x64.
[2023-03-07 21:13:56Z INFO Listener] RuntimeInformation: Linux 5.15.0-67-generic #74-Ubuntu SMP Wed Feb 22 14:14:39 UTC 2023.
[2023-03-07 21:13:56Z INFO Listener] Version: 2.302.1
[2023-03-07 21:13:56Z INFO Listener] Commit: b3492cb90f7a757c5a39196f956340fbbbae14d1
[2023-03-07 21:13:56Z INFO Listener] Culture: es-ES
[2023-03-07 21:13:56Z INFO Listener] UI Culture: es-ES
[2023-03-07 21:13:56Z INFO HostContext] Well known directory 'Bin': '/home/fazt/prueba-centos/actions-runner/bin'
[2023-03-07 21:13:56Z INFO HostContext] Well known directory 'Root': '/home/fazt/prueba-centos/actions-runner'
[2023-03-07 21:13:56Z INFO Listener] Validating directory permissions for: '/home/fazt/prueba-centos/actions-runner'
[2023-03-07 21:13:56Z INFO CommandLineParser] Parse
[2023-03-07 21:13:56Z INFO CommandLineParser] Parsing 5 args
[2023-03-07 21:13:56Z INFO CommandLineParser] parsing argument
[2023-03-07 21:13:56Z INFO CommandLineParser] HasArgs: False
[2023-03-07 21:13:56Z INFO CommandLineParser] Adding Command: configure
[2023-03-07 21:13:56Z INFO CommandLineParser] parsing argument
[2023-03-07 21:13:56Z INFO CommandLineParser] HasArgs: True
[2023-03-07 21:13:56Z INFO CommandLineParser] arg: url
[2023-03-07 21:13:56Z INFO CommandLineParser] parsing argument
[2023-03-07 21:13:56Z INFO CommandLineParser] HasArgs: True
[2023-03-07 21:13:56Z INFO CommandLineParser] Adding option 'url': 'https://github.com/jokaleth1984/prueba-centos'
[2023-03-07 21:13:56Z INFO CommandLineParser] parsing argument
[2023-03-07 21:13:56Z INFO CommandLineParser] HasArgs: True
[2023-03-07 21:13:56Z INFO CommandLineParser] arg: token
[2023-03-07 21:13:56Z INFO CommandLineParser] parsing argument
[2023-03-07 21:13:56Z INFO CommandLineParser] HasArgs: True
[2023-03-07 21:13:56Z INFO CommandLineParser] Adding option 'token': '***'
[2023-03-07 21:13:56Z INFO Listener] Arguments parsed
[2023-03-07 21:13:56Z INFO Runner] ExecuteCommand
[2023-03-07 21:13:56Z INFO ConfigurationStore] currentAssemblyLocation: /home/fazt/prueba-centos/actions-runner/bin/Runner.Listener.dll
[2023-03-07 21:13:56Z INFO HostContext] Well known directory 'Bin': '/home/fazt/prueba-centos/actions-runner/bin'
[2023-03-07 21:13:56Z INFO ConfigurationStore] binPath: /home/fazt/prueba-centos/actions-runner/bin
[2023-03-07 21:13:56Z INFO HostContext] Well known directory 'Bin': '/home/fazt/prueba-centos/actions-runner/bin'
[2023-03-07 21:13:56Z INFO HostContext] Well known directory 'Root': '/home/fazt/prueba-centos/actions-runner'
[2023-03-07 21:13:56Z INFO ConfigurationStore] RootFolder: /home/fazt/prueba-centos/actions-runner
[2023-03-07 21:13:56Z INFO HostContext] Well known directory 'Bin': '/home/fazt/prueba-centos/actions-runner/bin'
[2023-03-07 21:13:56Z INFO HostContext] Well known directory 'Root': '/home/fazt/prueba-centos/actions-runner'
[2023-03-07 21:13:56Z INFO HostContext] Well known config file 'Runner': '/home/fazt/prueba-centos/actions-runner/.runner'
[2023-03-07 21:13:56Z INFO ConfigurationStore] ConfigFilePath: /home/fazt/prueba-centos/actions-runner/.runner
[2023-03-07 21:13:56Z INFO HostContext] Well known directory 'Bin': '/home/fazt/prueba-centos/actions-runner/bin'
[2023-03-07 21:13:56Z INFO HostContext] Well known directory 'Root': '/home/fazt/prueba-centos/actions-runner'
[2023-03-07 21:13:56Z INFO HostContext] Well known config file 'Credentials': '/home/fazt/prueba-centos/actions-runner/.credentials'
[2023-03-07 21:13:56Z INFO ConfigurationStore] CredFilePath: /home/fazt/prueba-centos/actions-runner/.credentials
[2023-03-07 21:13:56Z INFO HostContext] Well known directory 'Bin': '/home/fazt/prueba-centos/actions-runner/bin'
[2023-03-07 21:13:56Z INFO HostContext] Well known directory 'Root': '/home/fazt/prueba-centos/actions-runner'
[2023-03-07 21:13:56Z INFO HostContext] Well known config file 'MigratedCredentials': '/home/fazt/prueba-centos/actions-runner/.credentials_migrated'
[2023-03-07 21:13:56Z INFO ConfigurationStore] MigratedCredFilePath: /home/fazt/prueba-centos/actions-runner/.credentials_migrated
[2023-03-07 21:13:56Z INFO HostContext] Well known directory 'Bin': '/home/fazt/prueba-centos/actions-runner/bin'
[2023-03-07 21:13:56Z INFO HostContext] Well known directory 'Root': '/home/fazt/prueba-centos/actions-runner'
[2023-03-07 21:13:56Z INFO HostContext] Well known config file 'Service': '/home/fazt/prueba-centos/actions-runner/.service'
[2023-03-07 21:13:56Z INFO ConfigurationStore] ServiceConfigFilePath: /home/fazt/prueba-centos/actions-runner/.service
[2023-03-07 21:13:56Z INFO CommandSettings] Flag 'help': 'False'
[2023-03-07 21:13:56Z INFO CommandSettings] Flag 'version': 'False'
[2023-03-07 21:13:56Z INFO CommandSettings] Flag 'commit': 'False'
[2023-03-07 21:13:56Z INFO CommandSettings] Flag 'check': 'False'
[2023-03-07 21:13:56Z INFO CommandSettings] Command 'configure': 'True'
[2023-03-07 21:13:56Z INFO Terminal] WRITE LINE: 
[2023-03-07 21:13:56Z INFO Terminal] WRITE LINE: --------------------------------------------------------------------------------
[2023-03-07 21:13:56Z INFO Terminal] WRITE LINE: |        ____ _ _   _   _       _          _        _   _                      |
[2023-03-07 21:13:56Z INFO Terminal] WRITE LINE: |       / ___(_) |_| | | |_   _| |__      / \   ___| |_(_) ___  _ __  ___      |
[2023-03-07 21:13:56Z INFO Terminal] WRITE LINE: |      | |  _| | __| |_| | | | | '_ \    / _ \ / __| __| |/ _ \| '_ \/ __|     |
[2023-03-07 21:13:56Z INFO Terminal] WRITE LINE: |      | |_| | | |_|  _  | |_| | |_) |  / ___ \ (__| |_| | (_) | | | \__ \     |
[2023-03-07 21:13:56Z INFO Terminal] WRITE LINE: |       \____|_|\__|_| |_|\__,_|_.__/  /_/   \_\___|\__|_|\___/|_| |_|___/     |
[2023-03-07 21:13:56Z INFO Terminal] WRITE LINE: |                                                                              |
[2023-03-07 21:13:56Z INFO Terminal] WRITE: |                       
[2023-03-07 21:13:56Z INFO Terminal] WRITE: Self-hosted runner registration
[2023-03-07 21:13:56Z INFO Terminal] WRITE LINE:                         |
[2023-03-07 21:13:56Z INFO Terminal] WRITE LINE: |                                                                              |
[2023-03-07 21:13:56Z INFO Terminal] WRITE LINE: --------------------------------------------------------------------------------
[2023-03-07 21:13:56Z INFO ConfigurationManager] ConfigureAsync
[2023-03-07 21:13:56Z INFO CommandSettings] Flag 'generateServiceConfig': 'False'
[2023-03-07 21:13:56Z INFO ConfigurationStore] IsConfigured()
[2023-03-07 21:13:56Z INFO ConfigurationStore] IsConfigured: False
[2023-03-07 21:13:56Z INFO ConfigurationManager] Is configured: False
[2023-03-07 21:13:56Z INFO CommandSettings] Arg 'url': 'https://github.com/jokaleth1984/prueba-centos'
[2023-03-07 21:13:56Z INFO CommandSettings] Remove url from Arg dictionary.
[2023-03-07 21:13:56Z INFO CommandSettings] Arg 'token': '***'
[2023-03-07 21:13:56Z INFO CommandSettings] Remove token from Arg dictionary.
[2023-03-07 21:13:57Z INFO ConfigurationManager] Http response code: OK from 'POST https://api.github.com/actions/runner-registration' (8942:14EE:43DE47:4AB3E4:6407A914)
[2023-03-07 21:13:57Z INFO ConfigurationManager] cred retrieved via GitHub auth
[2023-03-07 21:13:57Z INFO RunnerServer] EstablishVssConnection
[2023-03-07 21:13:57Z INFO RunnerServer] Establish connection with 100 seconds timeout.
[2023-03-07 21:13:57Z INFO GitHubActionsService] Starting operation Location.GetConnectionData
[2023-03-07 21:13:57Z INFO RunnerServer] EstablishVssConnection
[2023-03-07 21:13:57Z INFO RunnerServer] Establish connection with 60 seconds timeout.
[2023-03-07 21:13:57Z INFO GitHubActionsService] Starting operation Location.GetConnectionData
[2023-03-07 21:13:57Z INFO RunnerServer] EstablishVssConnection
[2023-03-07 21:13:57Z INFO RunnerServer] Establish connection with 60 seconds timeout.
[2023-03-07 21:13:57Z INFO GitHubActionsService] Starting operation Location.GetConnectionData
[2023-03-07 21:14:57Z WARN GitHubActionsService] GET request to https://pipelines.actions.githubusercontent.com/oPK2MLHHcKS9TwlLOQW4it4kKDBT3qxsubghiWiiKuHWVn5kYo/_apis/connectionData?connectOptions=1&lastChangeId=-1&lastChangeId64=-1 timed out after 60 seconds.
[2023-03-07 21:14:57Z WARN GitHubActionsService] GET request to https://pipelines.actions.githubusercontent.com/oPK2MLHHcKS9TwlLOQW4it4kKDBT3qxsubghiWiiKuHWVn5kYo/_apis/connectionData?connectOptions=1&lastChangeId=-1&lastChangeId64=-1 timed out after 60 seconds.
[2023-03-07 21:14:57Z INFO GitHubActionsService] Finished operation Location.GetConnectionData
[2023-03-07 21:14:57Z INFO GitHubActionsService] Starting operation Location.GetConnectionData
[2023-03-07 21:14:57Z INFO GitHubActionsService] Finished operation Location.GetConnectionData
[2023-03-07 21:14:57Z INFO GitHubActionsService] Starting operation Location.GetConnectionData
[2023-03-07 21:15:37Z WARN GitHubActionsService] GET request to https://pipelines.actions.githubusercontent.com/oPK2MLHHcKS9TwlLOQW4it4kKDBT3qxsubghiWiiKuHWVn5kYo/_apis/connectionData?connectOptions=1&lastChangeId=-1&lastChangeId64=-1 timed out after 100 seconds.
[2023-03-07 21:15:37Z INFO GitHubActionsService] Finished operation Location.GetConnectionData
[2023-03-07 21:15:37Z INFO GitHubActionsService] Starting operation Location.GetConnectionData
[2023-03-07 21:15:57Z WARN GitHubActionsService] GET request to https://pipelines.actions.githubusercontent.com/oPK2MLHHcKS9TwlLOQW4it4kKDBT3qxsubghiWiiKuHWVn5kYo/_apis/connectionData?connectOptions=1&lastChangeId=-1&lastChangeId64=-1 timed out after 60 seconds.
[2023-03-07 21:15:57Z INFO GitHubActionsService] Finished operation Location.GetConnectionData
[2023-03-07 21:15:57Z INFO RunnerServer] Catch exception during connect. 4 attempt left.
[2023-03-07 21:15:57Z WARN GitHubActionsService] GET request to https://pipelines.actions.githubusercontent.com/oPK2MLHHcKS9TwlLOQW4it4kKDBT3qxsubghiWiiKuHWVn5kYo/_apis/connectionData?connectOptions=1&lastChangeId=-1&lastChangeId64=-1 timed out after 60 seconds.
[2023-03-07 21:15:57Z INFO GitHubActionsService] Finished operation Location.GetConnectionData
[2023-03-07 21:15:57Z INFO RunnerServer] Catch exception during connect. 4 attempt left.
[2023-03-07 21:15:57Z ERR  RunnerServer] System.TimeoutException: The HTTP request timed out after 00:01:00.
 ---> System.Threading.Tasks.TaskCanceledException: A task was canceled.
   at System.Threading.Tasks.TaskCompletionSourceWithCancellation`1.WaitWithCancellationAsync(CancellationToken cancellationToken)
   at System.Net.Http.HttpConnectionPool.GetHttp11ConnectionAsync(HttpRequestMessage request, Boolean async, CancellationToken cancellationToken)
   at System.Net.Http.HttpConnectionPool.SendWithVersionDetectionAndRetryAsync(HttpRequestMessage request, Boolean async, Boolean doRequestAuth, CancellationToken cancellationToken)
   at System.Net.Http.AuthenticationHelper.SendWithAuthAsync(HttpRequestMessage request, Uri authUri, Boolean async, ICredentials credentials, Boolean preAuthenticate, Boolean isProxyAuth, Boolean doRequestAuth, HttpConnectionPool pool, CancellationToken cancellationToken)
   at System.Net.Http.DecompressionHandler.SendAsync(HttpRequestMessage request, Boolean async, CancellationToken cancellationToken)
   at GitHub.Services.Common.VssHttpMessageHandler.SendAsync(HttpRequestMessage request, CancellationToken cancellationToken)
   --- End of inner exception stack trace ---
   at GitHub.Services.Common.VssHttpMessageHandler.SendAsync(HttpRequestMessage request, CancellationToken cancellationToken)
   at GitHub.Services.Common.VssHttpRetryMessageHandler.SendAsync(HttpRequestMessage request, CancellationToken cancellationToken)
   at System.Net.Http.HttpClient.<SendAsync>g__Core|83_0(HttpRequestMessage request, HttpCompletionOption completionOption, CancellationTokenSource cts, Boolean disposeCts, CancellationTokenSource pendingRequestsCts, CancellationToken originalCancellationToken)
   at GitHub.Services.WebApi.VssHttpClientBase.SendAsync(HttpRequestMessage message, HttpCompletionOption completionOption, Object userState, CancellationToken cancellationToken)
   at GitHub.Services.WebApi.VssHttpClientBase.SendAsync[T](HttpRequestMessage message, Object userState, CancellationToken cancellationToken)
   at GitHub.Services.Location.Client.LocationHttpClient.GetConnectionDataAsync(ConnectOptions connectOptions, Int64 lastChangeId, CancellationToken cancellationToken, Object userState)
   at GitHub.Services.WebApi.Location.VssServerDataProvider.GetConnectionDataAsync(ConnectOptions connectOptions, Int32 lastChangeId, CancellationToken cancellationToken)
   at GitHub.Services.WebApi.Location.VssServerDataProvider.ConnectAsync(ConnectOptions connectOptions, CancellationToken cancellationToken)
   at GitHub.Runner.Common.RunnerService.EstablishVssConnection(Uri serverUrl, VssCredentials credentials, TimeSpan timeout)
[2023-03-07 21:15:57Z ERR  RunnerServer] #####################################################
[2023-03-07 21:15:57Z ERR  RunnerServer] System.Threading.Tasks.TaskCanceledException: A task was canceled.
   at System.Threading.Tasks.TaskCompletionSourceWithCancellation`1.WaitWithCancellationAsync(CancellationToken cancellationToken)
   at System.Net.Http.HttpConnectionPool.GetHttp11ConnectionAsync(HttpRequestMessage request, Boolean async, CancellationToken cancellationToken)
   at System.Net.Http.HttpConnectionPool.SendWithVersionDetectionAndRetryAsync(HttpRequestMessage request, Boolean async, Boolean doRequestAuth, CancellationToken cancellationToken)
   at System.Net.Http.AuthenticationHelper.SendWithAuthAsync(HttpRequestMessage request, Uri authUri, Boolean async, ICredentials credentials, Boolean preAuthenticate, Boolean isProxyAuth, Boolean doRequestAuth, HttpConnectionPool pool, CancellationToken cancellationToken)
   at System.Net.Http.DecompressionHandler.SendAsync(HttpRequestMessage request, Boolean async, CancellationToken cancellationToken)
   at GitHub.Services.Common.VssHttpMessageHandler.SendAsync(HttpRequestMessage request, CancellationToken cancellationToken)
[2023-03-07 21:15:57Z ERR  RunnerServer] System.TimeoutException: The HTTP request timed out after 00:01:00.
 ---> System.Threading.Tasks.TaskCanceledException: A task was canceled.
   at System.Threading.Tasks.TaskCompletionSourceWithCancellation`1.WaitWithCancellationAsync(CancellationToken cancellationToken)
   at System.Net.Http.HttpConnectionPool.GetHttp11ConnectionAsync(HttpRequestMessage request, Boolean async, CancellationToken cancellationToken)
   at System.Net.Http.HttpConnectionPool.SendWithVersionDetectionAndRetryAsync(HttpRequestMessage request, Boolean async, Boolean doRequestAuth, CancellationToken cancellationToken)
   at System.Net.Http.AuthenticationHelper.SendWithAuthAsync(HttpRequestMessage request, Uri authUri, Boolean async, ICredentials credentials, Boolean preAuthenticate, Boolean isProxyAuth, Boolean doRequestAuth, HttpConnectionPool pool, CancellationToken cancellationToken)
   at System.Net.Http.DecompressionHandler.SendAsync(HttpRequestMessage request, Boolean async, CancellationToken cancellationToken)
   at GitHub.Services.Common.VssHttpMessageHandler.SendAsync(HttpRequestMessage request, CancellationToken cancellationToken)
   --- End of inner exception stack trace ---
   at GitHub.Services.Common.VssHttpMessageHandler.SendAsync(HttpRequestMessage request, CancellationToken cancellationToken)
   at GitHub.Services.Common.VssHttpRetryMessageHandler.SendAsync(HttpRequestMessage request, CancellationToken cancellationToken)
   at System.Net.Http.HttpClient.<SendAsync>g__Core|83_0(HttpRequestMessage request, HttpCompletionOption completionOption, CancellationTokenSource cts, Boolean disposeCts, CancellationTokenSource pendingRequestsCts, CancellationToken originalCancellationToken)
   at GitHub.Services.WebApi.VssHttpClientBase.SendAsync(HttpRequestMessage message, HttpCompletionOption completionOption, Object userState, CancellationToken cancellationToken)
   at GitHub.Services.WebApi.VssHttpClientBase.SendAsync[T](HttpRequestMessage message, Object userState, CancellationToken cancellationToken)
   at GitHub.Services.Location.Client.LocationHttpClient.GetConnectionDataAsync(ConnectOptions connectOptions, Int64 lastChangeId, CancellationToken cancellationToken, Object userState)
   at GitHub.Services.WebApi.Location.VssServerDataProvider.GetConnectionDataAsync(ConnectOptions connectOptions, Int32 lastChangeId, CancellationToken cancellationToken)
   at GitHub.Services.WebApi.Location.VssServerDataProvider.ConnectAsync(ConnectOptions connectOptions, CancellationToken cancellationToken)
   at GitHub.Runner.Common.RunnerService.EstablishVssConnection(Uri serverUrl, VssCredentials credentials, TimeSpan timeout)
[2023-03-07 21:15:57Z ERR  RunnerServer] #####################################################
[2023-03-07 21:15:57Z ERR  RunnerServer] System.Threading.Tasks.TaskCanceledException: A task was canceled.
   at System.Threading.Tasks.TaskCompletionSourceWithCancellation`1.WaitWithCancellationAsync(CancellationToken cancellationToken)
   at System.Net.Http.HttpConnectionPool.GetHttp11ConnectionAsync(HttpRequestMessage request, Boolean async, CancellationToken cancellationToken)
   at System.Net.Http.HttpConnectionPool.SendWithVersionDetectionAndRetryAsync(HttpRequestMessage request, Boolean async, Boolean doRequestAuth, CancellationToken cancellationToken)
   at System.Net.Http.AuthenticationHelper.SendWithAuthAsync(HttpRequestMessage request, Uri authUri, Boolean async, ICredentials credentials, Boolean preAuthenticate, Boolean isProxyAuth, Boolean doRequestAuth, HttpConnectionPool pool, CancellationToken cancellationToken)
   at System.Net.Http.DecompressionHandler.SendAsync(HttpRequestMessage request, Boolean async, CancellationToken cancellationToken)
   at GitHub.Services.Common.VssHttpMessageHandler.SendAsync(HttpRequestMessage request, CancellationToken cancellationToken)
[2023-03-07 21:15:57Z INFO GitHubActionsService] Starting operation Location.GetConnectionData
[2023-03-07 21:15:57Z INFO GitHubActionsService] Starting operation Location.GetConnectionData
[2023-03-07 21:16:03Z INFO Terminal] WRITE LINE: Exiting...
