[2023-03-07 22:16:20Z INFO HostContext] No proxy settings were found based on environmental variables (http_proxy/https_proxy/HTTP_PROXY/HTTPS_PROXY)
[2023-03-07 22:16:20Z INFO HostContext] Well known directory 'Bin': '/home/fazt/prueba-centos/actions-runner/bin'
[2023-03-07 22:16:20Z INFO HostContext] Well known directory 'Root': '/home/fazt/prueba-centos/actions-runner'
[2023-03-07 22:16:20Z INFO HostContext] Well known config file 'Credentials': '/home/fazt/prueba-centos/actions-runner/.credentials'
[2023-03-07 22:16:20Z INFO HostContext] Well known directory 'Bin': '/home/fazt/prueba-centos/actions-runner/bin'
[2023-03-07 22:16:20Z INFO HostContext] Well known directory 'Root': '/home/fazt/prueba-centos/actions-runner'
[2023-03-07 22:16:20Z INFO HostContext] Well known config file 'Runner': '/home/fazt/prueba-centos/actions-runner/.runner'
[2023-03-07 22:16:20Z INFO Listener] Runner is built for Linux (X64) - linux-x64.
[2023-03-07 22:16:20Z INFO Listener] RuntimeInformation: Linux 5.15.0-67-generic #74-Ubuntu SMP Wed Feb 22 14:14:39 UTC 2023.
[2023-03-07 22:16:20Z INFO Listener] Version: 2.302.1
[2023-03-07 22:16:20Z INFO Listener] Commit: b3492cb90f7a757c5a39196f956340fbbbae14d1
[2023-03-07 22:16:20Z INFO Listener] Culture: es-ES
[2023-03-07 22:16:20Z INFO Listener] UI Culture: es-ES
[2023-03-07 22:16:20Z INFO HostContext] Well known directory 'Bin': '/home/fazt/prueba-centos/actions-runner/bin'
[2023-03-07 22:16:20Z INFO HostContext] Well known directory 'Root': '/home/fazt/prueba-centos/actions-runner'
[2023-03-07 22:16:20Z INFO Listener] Validating directory permissions for: '/home/fazt/prueba-centos/actions-runner'
[2023-03-07 22:16:20Z INFO CommandLineParser] Parse
[2023-03-07 22:16:20Z INFO CommandLineParser] Parsing 5 args
[2023-03-07 22:16:20Z INFO CommandLineParser] parsing argument
[2023-03-07 22:16:20Z INFO CommandLineParser] HasArgs: False
[2023-03-07 22:16:20Z INFO CommandLineParser] Adding Command: configure
[2023-03-07 22:16:20Z INFO CommandLineParser] parsing argument
[2023-03-07 22:16:20Z INFO CommandLineParser] HasArgs: True
[2023-03-07 22:16:20Z INFO CommandLineParser] arg: url
[2023-03-07 22:16:20Z INFO CommandLineParser] parsing argument
[2023-03-07 22:16:20Z INFO CommandLineParser] HasArgs: True
[2023-03-07 22:16:20Z INFO CommandLineParser] Adding option 'url': 'https://github.com/jokaleth1984/prueba-centos'
[2023-03-07 22:16:20Z INFO CommandLineParser] parsing argument
[2023-03-07 22:16:20Z INFO CommandLineParser] HasArgs: True
[2023-03-07 22:16:20Z INFO CommandLineParser] arg: token
[2023-03-07 22:16:20Z INFO CommandLineParser] parsing argument
[2023-03-07 22:16:20Z INFO CommandLineParser] HasArgs: True
[2023-03-07 22:16:20Z INFO CommandLineParser] Adding option 'token': '***'
[2023-03-07 22:16:20Z INFO Listener] Arguments parsed
[2023-03-07 22:16:20Z INFO Runner] ExecuteCommand
[2023-03-07 22:16:20Z INFO ConfigurationStore] currentAssemblyLocation: /home/fazt/prueba-centos/actions-runner/bin/Runner.Listener.dll
[2023-03-07 22:16:20Z INFO HostContext] Well known directory 'Bin': '/home/fazt/prueba-centos/actions-runner/bin'
[2023-03-07 22:16:20Z INFO ConfigurationStore] binPath: /home/fazt/prueba-centos/actions-runner/bin
[2023-03-07 22:16:20Z INFO HostContext] Well known directory 'Bin': '/home/fazt/prueba-centos/actions-runner/bin'
[2023-03-07 22:16:20Z INFO HostContext] Well known directory 'Root': '/home/fazt/prueba-centos/actions-runner'
[2023-03-07 22:16:20Z INFO ConfigurationStore] RootFolder: /home/fazt/prueba-centos/actions-runner
[2023-03-07 22:16:20Z INFO HostContext] Well known directory 'Bin': '/home/fazt/prueba-centos/actions-runner/bin'
[2023-03-07 22:16:20Z INFO HostContext] Well known directory 'Root': '/home/fazt/prueba-centos/actions-runner'
[2023-03-07 22:16:20Z INFO HostContext] Well known config file 'Runner': '/home/fazt/prueba-centos/actions-runner/.runner'
[2023-03-07 22:16:20Z INFO ConfigurationStore] ConfigFilePath: /home/fazt/prueba-centos/actions-runner/.runner
[2023-03-07 22:16:20Z INFO HostContext] Well known directory 'Bin': '/home/fazt/prueba-centos/actions-runner/bin'
[2023-03-07 22:16:20Z INFO HostContext] Well known directory 'Root': '/home/fazt/prueba-centos/actions-runner'
[2023-03-07 22:16:20Z INFO HostContext] Well known config file 'Credentials': '/home/fazt/prueba-centos/actions-runner/.credentials'
[2023-03-07 22:16:20Z INFO ConfigurationStore] CredFilePath: /home/fazt/prueba-centos/actions-runner/.credentials
[2023-03-07 22:16:20Z INFO HostContext] Well known directory 'Bin': '/home/fazt/prueba-centos/actions-runner/bin'
[2023-03-07 22:16:20Z INFO HostContext] Well known directory 'Root': '/home/fazt/prueba-centos/actions-runner'
[2023-03-07 22:16:20Z INFO HostContext] Well known config file 'MigratedCredentials': '/home/fazt/prueba-centos/actions-runner/.credentials_migrated'
[2023-03-07 22:16:20Z INFO ConfigurationStore] MigratedCredFilePath: /home/fazt/prueba-centos/actions-runner/.credentials_migrated
[2023-03-07 22:16:20Z INFO HostContext] Well known directory 'Bin': '/home/fazt/prueba-centos/actions-runner/bin'
[2023-03-07 22:16:20Z INFO HostContext] Well known directory 'Root': '/home/fazt/prueba-centos/actions-runner'
[2023-03-07 22:16:20Z INFO HostContext] Well known config file 'Service': '/home/fazt/prueba-centos/actions-runner/.service'
[2023-03-07 22:16:20Z INFO ConfigurationStore] ServiceConfigFilePath: /home/fazt/prueba-centos/actions-runner/.service
[2023-03-07 22:16:20Z INFO CommandSettings] Flag 'help': 'False'
[2023-03-07 22:16:20Z INFO CommandSettings] Flag 'version': 'False'
[2023-03-07 22:16:20Z INFO CommandSettings] Flag 'commit': 'False'
[2023-03-07 22:16:20Z INFO CommandSettings] Flag 'check': 'False'
[2023-03-07 22:16:20Z INFO CommandSettings] Command 'configure': 'True'
[2023-03-07 22:16:20Z INFO Terminal] WRITE LINE: 
[2023-03-07 22:16:20Z INFO Terminal] WRITE LINE: --------------------------------------------------------------------------------
[2023-03-07 22:16:20Z INFO Terminal] WRITE LINE: |        ____ _ _   _   _       _          _        _   _                      |
[2023-03-07 22:16:20Z INFO Terminal] WRITE LINE: |       / ___(_) |_| | | |_   _| |__      / \   ___| |_(_) ___  _ __  ___      |
[2023-03-07 22:16:20Z INFO Terminal] WRITE LINE: |      | |  _| | __| |_| | | | | '_ \    / _ \ / __| __| |/ _ \| '_ \/ __|     |
[2023-03-07 22:16:20Z INFO Terminal] WRITE LINE: |      | |_| | | |_|  _  | |_| | |_) |  / ___ \ (__| |_| | (_) | | | \__ \     |
[2023-03-07 22:16:20Z INFO Terminal] WRITE LINE: |       \____|_|\__|_| |_|\__,_|_.__/  /_/   \_\___|\__|_|\___/|_| |_|___/     |
[2023-03-07 22:16:20Z INFO Terminal] WRITE LINE: |                                                                              |
[2023-03-07 22:16:20Z INFO Terminal] WRITE: |                       
[2023-03-07 22:16:20Z INFO Terminal] WRITE: Self-hosted runner registration
[2023-03-07 22:16:20Z INFO Terminal] WRITE LINE:                         |
[2023-03-07 22:16:20Z INFO Terminal] WRITE LINE: |                                                                              |
[2023-03-07 22:16:20Z INFO Terminal] WRITE LINE: --------------------------------------------------------------------------------
[2023-03-07 22:16:20Z INFO ConfigurationManager] ConfigureAsync
[2023-03-07 22:16:20Z INFO CommandSettings] Flag 'generateServiceConfig': 'False'
[2023-03-07 22:16:20Z INFO ConfigurationStore] IsConfigured()
[2023-03-07 22:16:20Z INFO ConfigurationStore] IsConfigured: False
[2023-03-07 22:16:20Z INFO ConfigurationManager] Is configured: False
[2023-03-07 22:16:20Z INFO CommandSettings] Arg 'url': 'https://github.com/jokaleth1984/prueba-centos'
[2023-03-07 22:16:20Z INFO CommandSettings] Remove url from Arg dictionary.
[2023-03-07 22:16:20Z INFO CommandSettings] Arg 'token': '***'
[2023-03-07 22:16:20Z INFO CommandSettings] Remove token from Arg dictionary.
[2023-03-07 22:16:21Z ERR  Terminal] WRITE ERROR: Http response code: NotFound from 'POST https://api.github.com/actions/runner-registration' (Request Id: 899C:14EE:463D19:4D5466:6407B7B4)
[2023-03-07 22:16:21Z ERR  Terminal] WRITE ERROR: {"message":"Not Found","documentation_url":"https://docs.github.com/rest"}
[2023-03-07 22:16:21Z ERR  Runner] System.Net.Http.HttpRequestException: Response status code does not indicate success: 404 (Not Found).
   at System.Net.Http.HttpResponseMessage.EnsureSuccessStatusCode()
   at GitHub.Runner.Listener.Configuration.ConfigurationManager.GetTenantCredential(String githubUrl, String githubToken, String runnerEvent)
   at GitHub.Runner.Listener.Configuration.ConfigurationManager.ConfigureAsync(CommandSettings command)
   at GitHub.Runner.Listener.Runner.ExecuteCommand(CommandSettings command)
[2023-03-07 22:16:21Z ERR  Terminal] WRITE ERROR: Response status code does not indicate success: 404 (Not Found).
[2023-03-07 22:16:21Z INFO Listener] Runner execution has finished with return code 1
